#
# A fatal error has been detected by the Java Runtime Environment:
#
#  EXCEPTION_ACCESS_VIOLATION (0xc0000005) at pc=0x7709169a, pid=8920, tid=9160
#
# JRE version: Java(TM) SE Runtime Environment (7.0_45-b18) (build 1.7.0_45-b18)
# Java VM: Java HotSpot(TM) Client VM (24.45-b08 mixed mode, sharing windows-x86 )
# Problematic frame:
# C  [ntdll.dll+0x6169a]
#
# Failed to write core dump. Minidumps are not enabled by default on client versions of Windows
#
# If you would like to submit a bug report, please visit:
#   http://bugreport.sun.com/bugreport/crash.jsp
# The crash happened outside the Java Virtual Machine in native code.
# See problematic frame for where to report the bug.
#

---------------  T H R E A D  ---------------

Current thread (0x02d1e800):  JavaThread "main" [_thread_in_native, id=9160, stack(0x01120000,0x01170000)]

siginfo: ExceptionCode=0xc0000005, reading address 0x0000000c

Registers:
EAX=0x00000000, EBX=0x00000000, ECX=0x0000000c, EDX=0x0115f714
ESP=0x0115f6fc, EBP=0x0115f700, ESI=0x0000000d, EDI=0x00000000
EIP=0x7709169a, EFLAGS=0x00010206

Top of Stack: (sp=0x0115f6fc)
0x0115f6fc:   0115f724 0115f71c 76d12582 0115f714
0x0115f70c:   0000000c 00000000 00000000 0000000c
0x0115f71c:   0115f72c 76d1d437 00000000 00000000
0x0115f72c:   0115f754 004012ee 0000000c c0000000
0x0115f73c:   00000000 00000000 00000003 00000080
0x0115f74c:   00000000 00000000 0115f8b4 00401836
0x0115f75c:   0000000c 0115f748 00000003 0116fc18
0x0115f76c:   5dc703de 79a8a002 fffffffe 0115f794 

Instructions: (pc=0x7709169a)
0x7709167a:   90 90 90 90 90 90 8b ff 55 8b ec 8b 55 08 33 c0
0x7709168a:   8b 4d 0c 89 02 89 4a 04 85 c9 74 20 56 8d 71 01
0x7709169a:   8a 01 41 84 c0 75 f9 2b ce 5e 81 f9 fe ff 00 00
0x770916aa:   77 10 8d 41 01 66 89 0a 66 89 42 02 33 c0 5d c2 


Register to memory mapping:

EAX=0x00000000 is an unknown value
EBX=0x00000000 is an unknown value
ECX=0x0000000c is an unknown value
EDX=0x0115f714 is pointing into the stack for thread: 0x02d1e800
ESP=0x0115f6fc is pointing into the stack for thread: 0x02d1e800
EBP=0x0115f700 is pointing into the stack for thread: 0x02d1e800
ESI=0x0000000d is an unknown value
EDI=0x00000000 is an unknown value


Stack: [0x01120000,0x01170000],  sp=0x0115f6fc,  free space=253k
Native frames: (J=compiled Java code, j=interpreted, Vv=VM code, C=native code)
C  [ntdll.dll+0x6169a]
C  [KERNELBASE.dll+0x12582]
C  [KERNELBASE.dll+0x1d437]
C  [YXRT-623.dll+0x12ee]
C  [YXRT-623.dll+0x1836]

Java frames: (J=compiled Java code, j=interpreted, Vv=VM code)
j  org.xvolks.jnative.JNative.nInvoke(I)V+0
j  org.xvolks.jnative.JNative.invoke()V+9
j  com.nursery.util.CardOperation.open_Machine(I)I+44
j  com.nursery.util.CardOperation.main([Ljava/lang/String;)V+34
v  ~StubRoutines::call_stub

---------------  P R O C E S S  ---------------

Java Threads: ( => current thread )
  0x02b5ec00 JavaThread "Service Thread" daemon [_thread_blocked, id=3732, stack(0x05390000,0x053e0000)]
  0x02b5b400 JavaThread "C1 CompilerThread0" daemon [_thread_blocked, id=13280, stack(0x05300000,0x05350000)]
  0x02b4e400 JavaThread "Attach Listener" daemon [_thread_blocked, id=1080, stack(0x05270000,0x052c0000)]
  0x02b4b400 JavaThread "Signal Dispatcher" daemon [_thread_blocked, id=12780, stack(0x051e0000,0x05230000)]
  0x02ae2800 JavaThread "Finalizer" daemon [_thread_blocked, id=1740, stack(0x05150000,0x051a0000)]
  0x02ae0c00 JavaThread "Reference Handler" daemon [_thread_blocked, id=11416, stack(0x050c0000,0x05110000)]
=>0x02d1e800 JavaThread "main" [_thread_in_native, id=9160, stack(0x01120000,0x01170000)]

Other Threads:
  0x02adf800 VMThread [stack: 0x05030000,0x05080000] [id=12268]
  0x02b64800 WatcherThread [stack: 0x05420000,0x05470000] [id=12820]

VM state:not at safepoint (normal execution)

VM Mutex/Monitor currently owned by a thread: None

Heap
 def new generation   total 4928K, used 1462K [0x22b50000, 0x230a0000, 0x280a0000)
  eden space 4416K,  33% used [0x22b50000, 0x22cbd8d8, 0x22fa0000)
  from space 512K,   0% used [0x22fa0000, 0x22fa0000, 0x23020000)
  to   space 512K,   0% used [0x23020000, 0x23020000, 0x230a0000)
 tenured generation   total 10944K, used 0K [0x280a0000, 0x28b50000, 0x32b50000)
   the space 10944K,   0% used [0x280a0000, 0x280a0000, 0x280a0200, 0x28b50000)
 compacting perm gen  total 12288K, used 326K [0x32b50000, 0x33750000, 0x36b50000)
   the space 12288K,   2% used [0x32b50000, 0x32ba1b90, 0x32ba1c00, 0x33750000)
    ro space 10240K,  44% used [0x36b50000, 0x36fc7808, 0x36fc7a00, 0x37550000)
    rw space 12288K,  52% used [0x37550000, 0x37b9e610, 0x37b9e800, 0x38150000)

Card table byte_map: [0x02bd0000,0x02c80000] byte_map_base: 0x02aba580

Polling page: 0x01170000

Code Cache  [0x03030000, 0x030d8000, 0x05030000)
 total_blobs=173 nmethods=36 adapters=75 free_code_cache=32105Kb largest_free_block=32875968

Compilation events (10 events):
Event: 0.073 Thread 0x02b5b400   32             sun.misc.ASCIICaseInsensitiveComparator::isUpper (18 bytes)
Event: 0.073 Thread 0x02b5b400 nmethod 32 0x030d4408 code [0x030d4500, 0x030d4590]
Event: 0.073 Thread 0x02b5b400   33             java.util.jar.Manifest$FastInputStream::readLine (167 bytes)
Event: 0.074 Thread 0x02b5b400 nmethod 33 0x030d45c8 code [0x030d46f0, 0x030d4948]
Event: 0.075 Thread 0x02b5b400   34             java.io.BufferedInputStream::getBufIfOpen (21 bytes)
Event: 0.075 Thread 0x02b5b400 nmethod 34 0x030d4b88 code [0x030d4c90, 0x030d4d8c]
Event: 0.075 Thread 0x02b5b400   35  s          java.io.BufferedInputStream::read (49 bytes)
Event: 0.075 Thread 0x02b5b400 nmethod 35 0x030d4e08 code [0x030d4f30, 0x030d5218]
Event: 0.075 Thread 0x02b5b400   36             java.lang.Character::toLowerCase (9 bytes)
Event: 0.075 Thread 0x02b5b400 nmethod 36 0x030d5388 code [0x030d5490, 0x030d5538]

GC Heap History (0 events):
No events

Deoptimization events (0 events):
No events

Internal exceptions (10 events):
Event: 0.062 Thread 0x02d1e800 Threw 0x22c52ed0 at C:\re\jdk7u45\229\hotspot\src\share\vm\prims\jvm.cpp:1244
Event: 0.062 Thread 0x02d1e800 Threw 0x22c56810 at C:\re\jdk7u45\229\hotspot\src\share\vm\prims\jvm.cpp:1244
Event: 0.062 Thread 0x02d1e800 Threw 0x22c5a220 at C:\re\jdk7u45\229\hotspot\src\share\vm\prims\jvm.cpp:1244
Event: 0.064 Thread 0x02d1e800 Threw 0x22c60ab0 at C:\re\jdk7u45\229\hotspot\src\share\vm\prims\jvm.cpp:1244
Event: 0.064 Thread 0x02d1e800 Threw 0x22c64a60 at C:\re\jdk7u45\229\hotspot\src\share\vm\prims\jvm.cpp:1244
Event: 0.070 Thread 0x02d1e800 Threw 0x22c7d518 at C:\re\jdk7u45\229\hotspot\src\share\vm\prims\jvm.cpp:1244
Event: 0.070 Thread 0x02d1e800 Threw 0x22c7d630 at C:\re\jdk7u45\229\hotspot\src\share\vm\prims\jvm.cpp:1244
Event: 0.070 Thread 0x02d1e800 Threw 0x22c80d00 at C:\re\jdk7u45\229\hotspot\src\share\vm\prims\jvm.cpp:1244
Event: 0.070 Thread 0x02d1e800 Threw 0x22c80e18 at C:\re\jdk7u45\229\hotspot\src\share\vm\prims\jvm.cpp:1244
Event: 0.077 Thread 0x02d1e800 Threw 0x22cade30 at C:\re\jdk7u45\229\hotspot\src\share\vm\prims\jvm.cpp:1244

Events (10 events):
Event: 0.076 loading class 0x02b8bc08
Event: 0.077 loading class 0x02b8bc08 done
Event: 0.077 loading class 0x02b8bbe0
Event: 0.077 loading class 0x02b8bbe0 done
Event: 0.077 loading class 0x02b8bb58
Event: 0.077 loading class 0x02b8bb58 done
Event: 0.077 loading class 0x02b8dd68
Event: 0.077 loading class 0x02b8dd68 done
Event: 0.077 loading class 0x02b786e0
Event: 0.077 loading class 0x02b786e0 done


Dynamic libraries:
0x00c30000 - 0x00c5f000 	D:\Program Files\jdk1.7.0_45\bin\javaw.exe
0x77030000 - 0x7719e000 	C:\Windows\SYSTEM32\ntdll.dll
0x74ea0000 - 0x74fe0000 	C:\Windows\SYSTEM32\KERNEL32.DLL
0x76d00000 - 0x76dcf000 	C:\Windows\SYSTEM32\KERNELBASE.dll
0x701e0000 - 0x70279000 	C:\Windows\system32\apphelp.dll
0x5de20000 - 0x5e079000 	C:\Windows\AppPatch\AcGenral.DLL
0x75640000 - 0x756fe000 	C:\Windows\SYSTEM32\msvcrt.dll
0x74d60000 - 0x74da1000 	C:\Windows\SYSTEM32\sechost.dll
0x745a0000 - 0x745bd000 	C:\Windows\SYSTEM32\SspiCli.dll
0x75340000 - 0x75381000 	C:\Windows\SYSTEM32\SHLWAPI.dll
0x728a0000 - 0x7297b000 	C:\Windows\SYSTEM32\UxTheme.dll
0x745c0000 - 0x7470c000 	C:\Windows\SYSTEM32\USER32.dll
0x751f0000 - 0x752f7000 	C:\Windows\SYSTEM32\GDI32.dll
0x76e40000 - 0x76e60000 	C:\Windows\SYSTEM32\WINMM.dll
0x735a0000 - 0x735b2000 	C:\Windows\SYSTEM32\samcli.dll
0x754a0000 - 0x755ac000 	C:\Windows\SYSTEM32\ole32.dll
0x76e60000 - 0x76ef5000 	C:\Windows\SYSTEM32\OLEAUT32.dll
0x62ec0000 - 0x62ed5000 	C:\Windows\SYSTEM32\MSACM32.dll
0x74520000 - 0x74528000 	C:\Windows\SYSTEM32\VERSION.dll
0x75820000 - 0x76acc000 	C:\Windows\SYSTEM32\SHELL32.dll
0x74310000 - 0x74329000 	C:\Windows\SYSTEM32\USERENV.dll
0x72e30000 - 0x72e48000 	C:\Windows\SYSTEM32\dwmapi.dll
0x72aa0000 - 0x72beb000 	C:\Windows\SYSTEM32\urlmon.dll
0x74c90000 - 0x74d08000 	C:\Windows\SYSTEM32\ADVAPI32.dll
0x744c0000 - 0x7451e000 	C:\Windows\SYSTEM32\WINSPOOL.DRV
0x71000000 - 0x71014000 	C:\Windows\SYSTEM32\MPR.dll
0x74880000 - 0x74930000 	C:\Windows\SYSTEM32\RPCRT4.dll
0x74590000 - 0x74599000 	C:\Windows\SYSTEM32\CRYPTBASE.dll
0x74b00000 - 0x74c4e000 	C:\Windows\SYSTEM32\combase.dll
0x76f40000 - 0x76f60000 	C:\Windows\SYSTEM32\WINMMBASE.dll
0x73f90000 - 0x73f9e000 	C:\Windows\SYSTEM32\profapi.dll
0x73d50000 - 0x73f82000 	C:\Windows\SYSTEM32\iertutil.dll
0x73fe0000 - 0x741b5000 	C:\Windows\SYSTEM32\WININET.dll
0x74530000 - 0x74583000 	C:\Windows\SYSTEM32\bcryptPrimitives.dll
0x74e60000 - 0x74e9a000 	C:\Windows\SYSTEM32\cfgmgr32.dll
0x76f00000 - 0x76f1f000 	C:\Windows\SYSTEM32\DEVOBJ.dll
0x74330000 - 0x743bb000 	C:\Windows\SYSTEM32\SHCORE.DLL
0x74c50000 - 0x74c75000 	C:\Windows\system32\IMM32.DLL
0x75700000 - 0x75812000 	C:\Windows\SYSTEM32\MSCTF.dll
0x72110000 - 0x72316000 	C:\Windows\WinSxS\x86_microsoft.windows.common-controls_6595b64144ccf1df_6.0.9600.17784_none_a9f497a901334c74\COMCTL32.dll
0x5dd60000 - 0x5de1f000 	D:\Program Files\jdk1.7.0_45\jre\bin\msvcr100.dll
0x5d9e0000 - 0x5dd60000 	D:\Program Files\jdk1.7.0_45\jre\bin\client\jvm.dll
0x70cf0000 - 0x70cf8000 	C:\Windows\SYSTEM32\WSOCK32.dll
0x76e30000 - 0x76e36000 	C:\Windows\SYSTEM32\PSAPI.DLL
0x74dc0000 - 0x74e0d000 	C:\Windows\SYSTEM32\WS2_32.dll
0x74d50000 - 0x74d57000 	C:\Windows\SYSTEM32\NSI.dll
0x61f30000 - 0x61f3c000 	D:\Program Files\jdk1.7.0_45\jre\bin\verify.dll
0x5ee40000 - 0x5ee60000 	D:\Program Files\jdk1.7.0_45\jre\bin\java.dll
0x5ee20000 - 0x5ee33000 	D:\Program Files\jdk1.7.0_45\jre\bin\zip.dll
0x00400000 - 0x00412000 	D:\java\jdk1.7.0_45\bin\YXRT-623.dll
0x10000000 - 0x100cd000 	D:\java\jdk1.7.0_45\bin\JNativeCpp.dll
0x71fc0000 - 0x72108000 	C:\Windows\SYSTEM32\dbghelp.dll

VM Arguments:
jvm_args: -Dfile.encoding=UTF-8 
java_command: com.nursery.util.CardOperation
Launcher Type: SUN_STANDARD

Environment Variables:
JAVA_HOME=D:\java\jdk1.7.0_45
CLASSPATH=.;D:\java\jdk1.7.0_45\lib\dt.jar;D:\java\jdk1.7.0_45\lib\tools.jar;
PATH=D:/Program Files/Java/jdk1.7.0_17/bin/../jre/bin/server;D:/Program Files/Java/jdk1.7.0_17/bin/../jre/bin;D:/Program Files/Java/jdk1.7.0_17/bin/../jre/lib/amd64;D:\Program Files\Java\jdk1.7.0_17\bin;D:\java\jdk1.7.0_45\bin;C:\Program Files\TortoiseSVN\bin;D:\Android\adt-bundle-windows-x86_64-20140702\sdk\tools;C:\Program Files (x86)\SSH Communications Security\SSH Secure Shell;C:\Program Files (x86)\Nmap;D:\java\eclipse;
USERNAME=Administrator
OS=Windows_NT
PROCESSOR_IDENTIFIER=Intel64 Family 6 Model 60 Stepping 3, GenuineIntel



---------------  S Y S T E M  ---------------

OS: Windows 8 , 64 bit Build 9200 

CPU:total 4 (4 cores per cpu, 1 threads per core) family 6 model 60 stepping 3, cmov, cx8, fxsr, mmx, sse, sse2, sse3, ssse3, sse4.1, sse4.2, popcnt, avx, avx2, aes, erms, tsc, tscinvbit

Memory: 4k page, physical 8273900k(4166712k free), swap 10239980k(4118028k free)

vm_info: Java HotSpot(TM) Client VM (24.45-b08) for windows-x86 JRE (1.7.0_45-b18), built on Oct  8 2013 06:02:43 by "java_re" with unknown MS VC++:1600

time: Fri Jun 19 15:24:33 2015
elapsed time: 0 seconds

